You have triggered an unhandledRejection, you may have forgotten to catch a Promise rejection:
Error: DATABASE_URL environment variable is required
    at file:///C:/PocketBounty/dist/index.js:325:9
    at ModuleJob.run (node:internal/modules/esm/module_job:343:25)
    at process.processTicksAndRejections (node:internal/process/task_queues:105:5)
    at async onImport.tracePromise.__proto__ (node:internal/modules/esm/loader:647:26)
2025-08-25T16:30:24: Stripe not initialized - running in test mode (no STRIPE_SECRET_KEY)
2025-08-25T16:30:25: Stripe not initialized - running in test mode (no STRIPE_SECRET_KEY)
2025-08-25T16:30:27: Stripe not initialized - running in test mode (no STRIPE_SECRET_KEY)
2025-08-25T16:30:28: Stripe not initialized - running in test mode (no STRIPE_SECRET_KEY)
2025-08-25T16:30:30: Stripe not initialized - running in test mode (no STRIPE_SECRET_KEY)
2025-08-25T16:30:31: Stripe not initialized - running in test mode (no STRIPE_SECRET_KEY)
2025-08-25T16:30:32: Stripe not initialized - running in test mode (no STRIPE_SECRET_KEY)
2025-08-25T16:30:34: Stripe not initialized - running in test mode (no STRIPE_SECRET_KEY)
2025-08-25T16:30:35: Stripe not initialized - running in test mode (no STRIPE_SECRET_KEY)
2025-08-25T16:30:37: Stripe not initialized - running in test mode (no STRIPE_SECRET_KEY)
2025-08-25T16:30:38: Stripe not initialized - running in test mode (no STRIPE_SECRET_KEY)
2025-08-25T16:30:40: Stripe not initialized - running in test mode (no STRIPE_SECRET_KEY)
2025-08-25T16:30:41: Stripe not initialized - running in test mode (no STRIPE_SECRET_KEY)
2025-08-25T16:30:42: Stripe not initialized - running in test mode (no STRIPE_SECRET_KEY)
2025-08-25T16:30:44: Stripe not initialized - running in test mode (no STRIPE_SECRET_KEY)
2025-08-25T16:30:45: Stripe not initialized - running in test mode (no STRIPE_SECRET_KEY)
2025-08-25T16:30:47: Stripe not initialized - running in test mode (no STRIPE_SECRET_KEY)
2025-08-25T16:30:48: Stripe not initialized - running in test mode (no STRIPE_SECRET_KEY)
2025-08-25T16:30:50: Stripe not initialized - running in test mode (no STRIPE_SECRET_KEY)
2025-08-25T16:30:51: Stripe not initialized - running in test mode (no STRIPE_SECRET_KEY)
2025-08-25T16:30:52: Stripe not initialized - running in test mode (no STRIPE_SECRET_KEY)
2025-08-25T16:30:54: Stripe not initialized - running in test mode (no STRIPE_SECRET_KEY)
2025-08-25T16:30:55: Stripe not initialized - running in test mode (no STRIPE_SECRET_KEY)
2025-08-25T16:30:57: Stripe not initialized - running in test mode (no STRIPE_SECRET_KEY)
2025-08-25T16:30:58: Stripe not initialized - running in test mode (no STRIPE_SECRET_KEY)
2025-08-25T16:31:00: Stripe not initialized - running in test mode (no STRIPE_SECRET_KEY)
2025-08-25T16:31:01: Stripe not initialized - running in test mode (no STRIPE_SECRET_KEY)
2025-08-25T16:31:03: Stripe not initialized - running in test mode (no STRIPE_SECRET_KEY)
2025-08-25T16:31:05: Stripe not initialized - running in test mode (no STRIPE_SECRET_KEY)
2025-08-25T16:31:06: Stripe not initialized - running in test mode (no STRIPE_SECRET_KEY)
2025-08-25T16:31:07: Stripe not initialized - running in test mode (no STRIPE_SECRET_KEY)
2025-08-25T16:31:09: Stripe not initialized - running in test mode (no STRIPE_SECRET_KEY)
2025-08-25T16:31:11: Stripe not initialized - running in test mode (no STRIPE_SECRET_KEY)
2025-08-25T16:31:12: Stripe not initialized - running in test mode (no STRIPE_SECRET_KEY)
2025-08-25T16:31:13: Stripe not initialized - running in test mode (no STRIPE_SECRET_KEY)
2025-08-25T16:31:15: Stripe not initialized - running in test mode (no STRIPE_SECRET_KEY)
2025-08-25T16:31:16: Stripe not initialized - running in test mode (no STRIPE_SECRET_KEY)
2025-08-25T16:31:18: Stripe not initialized - running in test mode (no STRIPE_SECRET_KEY)
2025-08-25T16:31:19: Stripe not initialized - running in test mode (no STRIPE_SECRET_KEY)
2025-08-25T16:31:21: Stripe not initialized - running in test mode (no STRIPE_SECRET_KEY)
2025-08-25T16:31:23: Stripe not initialized - running in test mode (no STRIPE_SECRET_KEY)
2025-08-25T16:31:24: Stripe not initialized - running in test mode (no STRIPE_SECRET_KEY)
2025-08-25T16:31:26: Stripe not initialized - running in test mode (no STRIPE_SECRET_KEY)
2025-08-25T16:31:27: Stripe not initialized - running in test mode (no STRIPE_SECRET_KEY)
2025-08-25T16:31:29: Stripe not initialized - running in test mode (no STRIPE_SECRET_KEY)
2025-08-25T16:31:31: Stripe not initialized - running in test mode (no STRIPE_SECRET_KEY)
2025-08-25T16:31:33: Stripe not initialized - running in test mode (no STRIPE_SECRET_KEY)
2025-08-25T16:31:35: Stripe not initialized - running in test mode (no STRIPE_SECRET_KEY)
2025-08-25T16:31:37: Stripe not initialized - running in test mode (no STRIPE_SECRET_KEY)
2025-08-25T16:31:38: Stripe not initialized - running in test mode (no STRIPE_SECRET_KEY)
2025-08-25T16:31:40: Stripe not initialized - running in test mode (no STRIPE_SECRET_KEY)
2025-08-25T16:31:41: Stripe not initialized - running in test mode (no STRIPE_SECRET_KEY)
2025-08-25T16:31:43: Stripe not initialized - running in test mode (no STRIPE_SECRET_KEY)
2025-08-25T16:31:44: Stripe not initialized - running in test mode (no STRIPE_SECRET_KEY)
2025-08-25T16:31:46: Stripe not initialized - running in test mode (no STRIPE_SECRET_KEY)
2025-08-25T16:31:47: Stripe not initialized - running in test mode (no STRIPE_SECRET_KEY)
2025-08-25T16:31:49: Stripe not initialized - running in test mode (no STRIPE_SECRET_KEY)
2025-08-25T16:31:50: Stripe not initialized - running in test mode (no STRIPE_SECRET_KEY)
2025-08-25T16:31:52: Stripe not initialized - running in test mode (no STRIPE_SECRET_KEY)
2025-08-25T16:31:53: Stripe not initialized - running in test mode (no STRIPE_SECRET_KEY)
2025-08-25T16:31:55: Stripe not initialized - running in test mode (no STRIPE_SECRET_KEY)
2025-08-25T16:31:56: Stripe not initialized - running in test mode (no STRIPE_SECRET_KEY)
2025-08-25T16:31:58: Stripe not initialized - running in test mode (no STRIPE_SECRET_KEY)
2025-08-25T16:31:59: Stripe not initialized - running in test mode (no STRIPE_SECRET_KEY)
2025-08-25T16:32:01: Stripe not initialized - running in test mode (no STRIPE_SECRET_KEY)
2025-08-25T16:32:02: Stripe not initialized - running in test mode (no STRIPE_SECRET_KEY)
2025-08-25T16:32:04: Stripe not initialized - running in test mode (no STRIPE_SECRET_KEY)
2025-08-25T16:32:05: Stripe not initialized - running in test mode (no STRIPE_SECRET_KEY)
2025-08-25T16:32:07: Stripe not initialized - running in test mode (no STRIPE_SECRET_KEY)
2025-08-25T16:32:09: Stripe not initialized - running in test mode (no STRIPE_SECRET_KEY)
2025-08-25T16:32:11: Stripe not initialized - running in test mode (no STRIPE_SECRET_KEY)
2025-08-25T16:32:12: Stripe not initialized - running in test mode (no STRIPE_SECRET_KEY)
2025-08-25T16:32:14: Stripe not initialized - running in test mode (no STRIPE_SECRET_KEY)
2025-08-25T16:32:16: Stripe not initialized - running in test mode (no STRIPE_SECRET_KEY)
2025-08-25T16:32:17: Stripe not initialized - running in test mode (no STRIPE_SECRET_KEY)
2025-08-25T16:32:19: Stripe not initialized - running in test mode (no STRIPE_SECRET_KEY)
2025-08-25T16:32:20: Stripe not initialized - running in test mode (no STRIPE_SECRET_KEY)
2025-08-25T16:32:22: Stripe not initialized - running in test mode (no STRIPE_SECRET_KEY)
2025-08-25T16:32:23: Stripe not initialized - running in test mode (no STRIPE_SECRET_KEY)
2025-08-25T16:32:25: Stripe not initialized - running in test mode (no STRIPE_SECRET_KEY)
2025-08-25T16:32:26: Stripe not initialized - running in test mode (no STRIPE_SECRET_KEY)
2025-08-25T16:32:27: Stripe not initialized - running in test mode (no STRIPE_SECRET_KEY)
2025-08-25T16:32:29: Stripe not initialized - running in test mode (no STRIPE_SECRET_KEY)
2025-08-25T16:32:30: Stripe not initialized - running in test mode (no STRIPE_SECRET_KEY)
2025-08-25T16:32:32: Stripe not initialized - running in test mode (no STRIPE_SECRET_KEY)
2025-08-25T16:32:33: Stripe not initialized - running in test mode (no STRIPE_SECRET_KEY)
2025-08-25T16:32:34: Stripe not initialized - running in test mode (no STRIPE_SECRET_KEY)
2025-08-25T16:32:36: Stripe not initialized - running in test mode (no STRIPE_SECRET_KEY)
2025-08-25T16:32:37: Stripe not initialized - running in test mode (no STRIPE_SECRET_KEY)
2025-08-25T16:32:38: Stripe not initialized - running in test mode (no STRIPE_SECRET_KEY)
2025-08-25T16:32:40: Stripe not initialized - running in test mode (no STRIPE_SECRET_KEY)
2025-08-25T16:32:41: Stripe not initialized - running in test mode (no STRIPE_SECRET_KEY)
2025-08-25T16:32:43: Stripe not initialized - running in test mode (no STRIPE_SECRET_KEY)
2025-08-25T16:32:44: Stripe not initialized - running in test mode (no STRIPE_SECRET_KEY)
2025-08-25T16:32:45: Stripe not initialized - running in test mode (no STRIPE_SECRET_KEY)
2025-08-25T16:32:47: Stripe not initialized - running in test mode (no STRIPE_SECRET_KEY)
2025-08-25T16:32:48: Stripe not initialized - running in test mode (no STRIPE_SECRET_KEY)
2025-08-25T16:32:49: Stripe not initialized - running in test mode (no STRIPE_SECRET_KEY)
2025-08-25T16:32:51: Stripe not initialized - running in test mode (no STRIPE_SECRET_KEY)
2025-08-25T16:32:52: Stripe not initialized - running in test mode (no STRIPE_SECRET_KEY)
2025-08-25T16:32:53: Stripe not initialized - running in test mode (no STRIPE_SECRET_KEY)
2025-08-25T16:32:55: Stripe not initialized - running in test mode (no STRIPE_SECRET_KEY)
2025-08-25T16:32:56: Stripe not initialized - running in test mode (no STRIPE_SECRET_KEY)
2025-08-25T16:32:58: Stripe not initialized - running in test mode (no STRIPE_SECRET_KEY)
2025-08-25T16:32:59: Stripe not initialized - running in test mode (no STRIPE_SECRET_KEY)
2025-08-25T16:33:00: Stripe not initialized - running in test mode (no STRIPE_SECRET_KEY)
2025-08-25T16:33:02: Stripe not initialized - running in test mode (no STRIPE_SECRET_KEY)
2025-08-25T16:33:03: Stripe not initialized - running in test mode (no STRIPE_SECRET_KEY)
2025-08-25T16:33:05: Stripe not initialized - running in test mode (no STRIPE_SECRET_KEY)
2025-08-25T16:33:06: Stripe not initialized - running in test mode (no STRIPE_SECRET_KEY)
2025-08-25T16:33:07: Stripe not initialized - running in test mode (no STRIPE_SECRET_KEY)
2025-08-25T16:33:09: Stripe not initialized - running in test mode (no STRIPE_SECRET_KEY)
2025-08-25T16:33:10: Stripe not initialized - running in test mode (no STRIPE_SECRET_KEY)
2025-08-25T16:33:11: Stripe not initialized - running in test mode (no STRIPE_SECRET_KEY)
2025-08-25T16:33:13: Stripe not initialized - running in test mode (no STRIPE_SECRET_KEY)
2025-08-25T16:33:14: Stripe not initialized - running in test mode (no STRIPE_SECRET_KEY)
2025-08-25T16:33:15: Stripe not initialized - running in test mode (no STRIPE_SECRET_KEY)
2025-08-25T16:33:17: Stripe not initialized - running in test mode (no STRIPE_SECRET_KEY)
2025-08-25T16:33:18: Stripe not initialized - running in test mode (no STRIPE_SECRET_KEY)
2025-08-25T16:33:20: Stripe not initialized - running in test mode (no STRIPE_SECRET_KEY)
2025-08-25T16:33:21: Stripe not initialized - running in test mode (no STRIPE_SECRET_KEY)
2025-08-25T16:33:22: Stripe not initialized - running in test mode (no STRIPE_SECRET_KEY)
2025-08-25T16:33:24: Stripe not initialized - running in test mode (no STRIPE_SECRET_KEY)
2025-08-25T16:33:25: Stripe not initialized - running in test mode (no STRIPE_SECRET_KEY)
2025-08-25T16:33:26: Stripe not initialized - running in test mode (no STRIPE_SECRET_KEY)
2025-08-25T16:33:28: Stripe not initialized - running in test mode (no STRIPE_SECRET_KEY)
2025-08-25T16:33:29: Stripe not initialized - running in test mode (no STRIPE_SECRET_KEY)
2025-08-25T16:33:31: Stripe not initialized - running in test mode (no STRIPE_SECRET_KEY)
2025-08-25T16:33:32: Stripe not initialized - running in test mode (no STRIPE_SECRET_KEY)
2025-08-25T16:33:33: Stripe not initialized - running in test mode (no STRIPE_SECRET_KEY)
2025-08-25T16:33:35: Stripe not initialized - running in test mode (no STRIPE_SECRET_KEY)
2025-08-25T16:33:36: Stripe not initialized - running in test mode (no STRIPE_SECRET_KEY)
2025-08-25T16:33:37: Stripe not initialized - running in test mode (no STRIPE_SECRET_KEY)
2025-08-25T16:33:39: Stripe not initialized - running in test mode (no STRIPE_SECRET_KEY)
2025-08-25T16:33:40: Stripe not initialized - running in test mode (no STRIPE_SECRET_KEY)
2025-08-25T16:33:41: Stripe not initialized - running in test mode (no STRIPE_SECRET_KEY)
2025-08-25T16:33:43: Stripe not initialized - running in test mode (no STRIPE_SECRET_KEY)
2025-08-25T16:33:44: Stripe not initialized - running in test mode (no STRIPE_SECRET_KEY)
2025-08-25T16:33:46: Stripe not initialized - running in test mode (no STRIPE_SECRET_KEY)
2025-08-25T16:33:47: Stripe not initialized - running in test mode (no STRIPE_SECRET_KEY)
2025-08-25T16:33:48: Stripe not initialized - running in test mode (no STRIPE_SECRET_KEY)
2025-08-25T16:33:50: Stripe not initialized - running in test mode (no STRIPE_SECRET_KEY)
2025-08-25T16:33:51: Stripe not initialized - running in test mode (no STRIPE_SECRET_KEY)
2025-08-25T16:33:52: Stripe not initialized - running in test mode (no STRIPE_SECRET_KEY)
2025-08-25T16:33:54: Stripe not initialized - running in test mode (no STRIPE_SECRET_KEY)
2025-08-25T16:33:55: Stripe not initialized - running in test mode (no STRIPE_SECRET_KEY)
2025-08-25T16:33:57: Stripe not initialized - running in test mode (no STRIPE_SECRET_KEY)
2025-08-25T16:33:58: Stripe not initialized - running in test mode (no STRIPE_SECRET_KEY)
2025-08-25T16:33:59: Stripe not initialized - running in test mode (no STRIPE_SECRET_KEY)
2025-08-25T16:34:01: Stripe not initialized - running in test mode (no STRIPE_SECRET_KEY)
2025-08-25T16:34:02: Stripe not initialized - running in test mode (no STRIPE_SECRET_KEY)
2025-08-25T16:34:03: Stripe not initialized - running in test mode (no STRIPE_SECRET_KEY)
2025-08-25T16:34:05: Stripe not initialized - running in test mode (no STRIPE_SECRET_KEY)
2025-08-25T16:34:06: Stripe not initialized - running in test mode (no STRIPE_SECRET_KEY)
2025-08-25T16:34:07: Stripe not initialized - running in test mode (no STRIPE_SECRET_KEY)
2025-08-25T16:34:09: Stripe not initialized - running in test mode (no STRIPE_SECRET_KEY)
2025-08-25T16:34:10: Stripe not initialized - running in test mode (no STRIPE_SECRET_KEY)
2025-08-25T16:34:12: Stripe not initialized - running in test mode (no STRIPE_SECRET_KEY)
2025-08-25T16:34:13: Stripe not initialized - running in test mode (no STRIPE_SECRET_KEY)
2025-08-25T16:34:14: Stripe not initialized - running in test mode (no STRIPE_SECRET_KEY)
2025-08-25T16:34:16: Stripe not initialized - running in test mode (no STRIPE_SECRET_KEY)
2025-08-25T16:34:17: Stripe not initialized - running in test mode (no STRIPE_SECRET_KEY)
2025-08-25T16:34:18: Stripe not initialized - running in test mode (no STRIPE_SECRET_KEY)
2025-08-25T16:34:20: Stripe not initialized - running in test mode (no STRIPE_SECRET_KEY)
2025-08-25T16:34:21: Stripe not initialized - running in test mode (no STRIPE_SECRET_KEY)
2025-08-25T16:34:23: Stripe not initialized - running in test mode (no STRIPE_SECRET_KEY)
2025-08-25T16:34:24: Stripe not initialized - running in test mode (no STRIPE_SECRET_KEY)
2025-08-25T16:34:25: Stripe not initialized - running in test mode (no STRIPE_SECRET_KEY)
2025-08-25T16:34:27: Stripe not initialized - running in test mode (no STRIPE_SECRET_KEY)
2025-08-25T16:34:28: Stripe not initialized - running in test mode (no STRIPE_SECRET_KEY)
2025-08-25T16:34:30: Stripe not initialized - running in test mode (no STRIPE_SECRET_KEY)
2025-08-25T16:34:31: Stripe not initialized - running in test mode (no STRIPE_SECRET_KEY)
2025-08-25T16:34:32: Stripe not initialized - running in test mode (no STRIPE_SECRET_KEY)
2025-08-25T16:34:34: Stripe not initialized - running in test mode (no STRIPE_SECRET_KEY)
2025-08-25T16:34:35: Stripe not initialized - running in test mode (no STRIPE_SECRET_KEY)
2025-08-25T16:34:36: Stripe not initialized - running in test mode (no STRIPE_SECRET_KEY)
2025-08-25T16:34:38: Stripe not initialized - running in test mode (no STRIPE_SECRET_KEY)
2025-08-25T16:34:39: Stripe not initialized - running in test mode (no STRIPE_SECRET_KEY)
2025-08-25T16:34:40: Stripe not initialized - running in test mode (no STRIPE_SECRET_KEY)
2025-08-25T16:34:42: Stripe not initialized - running in test mode (no STRIPE_SECRET_KEY)
2025-08-25T16:34:43: Stripe not initialized - running in test mode (no STRIPE_SECRET_KEY)
2025-08-25T16:34:45: Stripe not initialized - running in test mode (no STRIPE_SECRET_KEY)
2025-08-25T16:34:46: Stripe not initialized - running in test mode (no STRIPE_SECRET_KEY)
2025-08-25T16:34:47: Stripe not initialized - running in test mode (no STRIPE_SECRET_KEY)
2025-08-25T16:34:49: Stripe not initialized - running in test mode (no STRIPE_SECRET_KEY)
2025-08-25T16:34:50: Stripe not initialized - running in test mode (no STRIPE_SECRET_KEY)
2025-08-25T16:34:51: Stripe not initialized - running in test mode (no STRIPE_SECRET_KEY)
2025-08-25T16:34:53: Stripe not initialized - running in test mode (no STRIPE_SECRET_KEY)
2025-08-25T16:34:54: Stripe not initialized - running in test mode (no STRIPE_SECRET_KEY)
2025-08-25T16:34:56: Stripe not initialized - running in test mode (no STRIPE_SECRET_KEY)
2025-08-25T16:34:57: Stripe not initialized - running in test mode (no STRIPE_SECRET_KEY)
2025-08-25T16:34:58: Stripe not initialized - running in test mode (no STRIPE_SECRET_KEY)
2025-08-25T16:35:00: Stripe not initialized - running in test mode (no STRIPE_SECRET_KEY)
2025-08-25T16:35:01: Stripe not initialized - running in test mode (no STRIPE_SECRET_KEY)
2025-08-25T16:35:03: Stripe not initialized - running in test mode (no STRIPE_SECRET_KEY)
2025-08-25T16:35:04: Stripe not initialized - running in test mode (no STRIPE_SECRET_KEY)
2025-08-25T16:35:06: Stripe not initialized - running in test mode (no STRIPE_SECRET_KEY)
2025-08-25T16:35:07: Stripe not initialized - running in test mode (no STRIPE_SECRET_KEY)
2025-08-25T16:35:09: Stripe not initialized - running in test mode (no STRIPE_SECRET_KEY)
2025-08-25T16:35:10: Stripe not initialized - running in test mode (no STRIPE_SECRET_KEY)
2025-08-25T16:35:11: Stripe not initialized - running in test mode (no STRIPE_SECRET_KEY)
2025-08-25T16:35:13: Stripe not initialized - running in test mode (no STRIPE_SECRET_KEY)
2025-08-25T16:35:14: Stripe not initialized - running in test mode (no STRIPE_SECRET_KEY)
2025-08-25T16:35:16: Stripe not initialized - running in test mode (no STRIPE_SECRET_KEY)
2025-08-25T16:35:18: Stripe not initialized - running in test mode (no STRIPE_SECRET_KEY)
2025-08-25T16:35:19: Stripe not initialized - running in test mode (no STRIPE_SECRET_KEY)
2025-08-25T16:35:21: Stripe not initialized - running in test mode (no STRIPE_SECRET_KEY)
2025-08-25T16:35:23: Stripe not initialized - running in test mode (no STRIPE_SECRET_KEY)
2025-08-25T16:35:24: Stripe not initialized - running in test mode (no STRIPE_SECRET_KEY)
2025-08-25T16:35:26: Stripe not initialized - running in test mode (no STRIPE_SECRET_KEY)
2025-08-25T16:35:27: Stripe not initialized - running in test mode (no STRIPE_SECRET_KEY)
2025-08-25T16:35:28: Stripe not initialized - running in test mode (no STRIPE_SECRET_KEY)
2025-08-25T16:35:30: Stripe not initialized - running in test mode (no STRIPE_SECRET_KEY)
2025-08-25T16:35:32: Stripe not initialized - running in test mode (no STRIPE_SECRET_KEY)
2025-08-25T16:35:33: Stripe not initialized - running in test mode (no STRIPE_SECRET_KEY)
2025-08-25T16:35:34: Stripe not initialized - running in test mode (no STRIPE_SECRET_KEY)
2025-08-25T16:36:00: Stripe not initialized - running in test mode (no STRIPE_SECRET_KEY)
2025-08-25T16:36:01: Stripe not initialized - running in test mode (no STRIPE_SECRET_KEY)
2025-08-25T16:36:03: Stripe not initialized - running in test mode (no STRIPE_SECRET_KEY)
2025-08-25T16:36:04: Stripe not initialized - running in test mode (no STRIPE_SECRET_KEY)
2025-08-25T16:36:06: Stripe not initialized - running in test mode (no STRIPE_SECRET_KEY)
2025-08-25T16:36:07: Stripe not initialized - running in test mode (no STRIPE_SECRET_KEY)
2025-08-25T16:36:08: Stripe not initialized - running in test mode (no STRIPE_SECRET_KEY)
2025-08-25T16:36:10: Stripe not initialized - running in test mode (no STRIPE_SECRET_KEY)
2025-08-25T16:36:11: Stripe not initialized - running in test mode (no STRIPE_SECRET_KEY)
2025-08-25T16:36:13: Stripe not initialized - running in test mode (no STRIPE_SECRET_KEY)
2025-08-25T16:36:14: Stripe not initialized - running in test mode (no STRIPE_SECRET_KEY)
2025-08-25T16:36:16: Stripe not initialized - running in test mode (no STRIPE_SECRET_KEY)
2025-08-25T16:36:17: Stripe not initialized - running in test mode (no STRIPE_SECRET_KEY)
2025-08-25T16:36:18: Stripe not initialized - running in test mode (no STRIPE_SECRET_KEY)
2025-08-25T16:36:20: Stripe not initialized - running in test mode (no STRIPE_SECRET_KEY)
2025-08-25T16:36:21: Stripe not initialized - running in test mode (no STRIPE_SECRET_KEY)
2025-08-25T16:36:23: Stripe not initialized - running in test mode (no STRIPE_SECRET_KEY)
2025-08-25T16:36:24: Stripe not initialized - running in test mode (no STRIPE_SECRET_KEY)
2025-08-25T16:36:25: Stripe not initialized - running in test mode (no STRIPE_SECRET_KEY)
2025-08-25T16:36:27: Stripe not initialized - running in test mode (no STRIPE_SECRET_KEY)
2025-08-25T16:36:28: Stripe not initialized - running in test mode (no STRIPE_SECRET_KEY)
2025-08-25T16:36:30: Stripe not initialized - running in test mode (no STRIPE_SECRET_KEY)
2025-08-25T16:36:31: Stripe not initialized - running in test mode (no STRIPE_SECRET_KEY)
2025-08-25T16:36:32: Stripe not initialized - running in test mode (no STRIPE_SECRET_KEY)
2025-08-25T16:36:34: Stripe not initialized - running in test mode (no STRIPE_SECRET_KEY)
2025-08-25T16:36:35: Stripe not initialized - running in test mode (no STRIPE_SECRET_KEY)
2025-08-25T16:36:37: Stripe not initialized - running in test mode (no STRIPE_SECRET_KEY)
2025-08-25T16:36:38: Stripe not initialized - running in test mode (no STRIPE_SECRET_KEY)
2025-08-25T16:36:40: Stripe not initialized - running in test mode (no STRIPE_SECRET_KEY)
2025-08-25T16:36:41: Stripe not initialized - running in test mode (no STRIPE_SECRET_KEY)
2025-08-25T16:36:43: Stripe not initialized - running in test mode (no STRIPE_SECRET_KEY)
2025-08-25T16:36:44: Stripe not initialized - running in test mode (no STRIPE_SECRET_KEY)
2025-08-25T16:36:46: Stripe not initialized - running in test mode (no STRIPE_SECRET_KEY)
2025-08-25T16:36:47: Stripe not initialized - running in test mode (no STRIPE_SECRET_KEY)
2025-08-25T16:36:49: Stripe not initialized - running in test mode (no STRIPE_SECRET_KEY)
2025-08-25T16:36:50: Stripe not initialized - running in test mode (no STRIPE_SECRET_KEY)
2025-08-25T16:36:52: Stripe not initialized - running in test mode (no STRIPE_SECRET_KEY)
2025-08-25T16:36:53: Stripe not initialized - running in test mode (no STRIPE_SECRET_KEY)
2025-08-25T16:36:55: Stripe not initialized - running in test mode (no STRIPE_SECRET_KEY)
2025-08-25T16:36:56: Stripe not initialized - running in test mode (no STRIPE_SECRET_KEY)
2025-08-25T16:36:58: Stripe not initialized - running in test mode (no STRIPE_SECRET_KEY)
2025-08-25T16:36:59: Stripe not initialized - running in test mode (no STRIPE_SECRET_KEY)
2025-08-25T16:37:01: Stripe not initialized - running in test mode (no STRIPE_SECRET_KEY)
2025-08-25T16:37:02: Stripe not initialized - running in test mode (no STRIPE_SECRET_KEY)
2025-08-25T16:37:04: Stripe not initialized - running in test mode (no STRIPE_SECRET_KEY)
2025-08-25T16:37:05: Stripe not initialized - running in test mode (no STRIPE_SECRET_KEY)
2025-08-25T16:37:07: Stripe not initialized - running in test mode (no STRIPE_SECRET_KEY)
2025-08-25T16:37:08: Stripe not initialized - running in test mode (no STRIPE_SECRET_KEY)
2025-08-25T16:37:10: Stripe not initialized - running in test mode (no STRIPE_SECRET_KEY)
2025-08-25T16:37:11: Stripe not initialized - running in test mode (no STRIPE_SECRET_KEY)
2025-08-25T16:37:13: Stripe not initialized - running in test mode (no STRIPE_SECRET_KEY)
2025-08-25T16:37:14: Stripe not initialized - running in test mode (no STRIPE_SECRET_KEY)
2025-08-25T16:37:16: Stripe not initialized - running in test mode (no STRIPE_SECRET_KEY)
2025-08-25T16:37:17: Stripe not initialized - running in test mode (no STRIPE_SECRET_KEY)
2025-08-25T16:37:19: Stripe not initialized - running in test mode (no STRIPE_SECRET_KEY)
2025-08-25T16:37:21: Stripe not initialized - running in test mode (no STRIPE_SECRET_KEY)
2025-08-25T16:37:22: Stripe not initialized - running in test mode (no STRIPE_SECRET_KEY)
2025-08-25T16:37:23: Stripe not initialized - running in test mode (no STRIPE_SECRET_KEY)
2025-08-25T16:37:25: Stripe not initialized - running in test mode (no STRIPE_SECRET_KEY)
2025-08-25T16:37:26: Stripe not initialized - running in test mode (no STRIPE_SECRET_KEY)
2025-08-25T16:37:27: Stripe not initialized - running in test mode (no STRIPE_SECRET_KEY)
2025-08-25T16:37:29: Stripe not initialized - running in test mode (no STRIPE_SECRET_KEY)
2025-08-25T16:37:30: Stripe not initialized - running in test mode (no STRIPE_SECRET_KEY)
2025-08-25T16:37:32: Stripe not initialized - running in test mode (no STRIPE_SECRET_KEY)
2025-08-25T16:37:33: Stripe not initialized - running in test mode (no STRIPE_SECRET_KEY)
2025-08-25T16:37:34: Stripe not initialized - running in test mode (no STRIPE_SECRET_KEY)
2025-08-25T16:37:36: Stripe not initialized - running in test mode (no STRIPE_SECRET_KEY)
2025-08-25T16:37:37: Stripe not initialized - running in test mode (no STRIPE_SECRET_KEY)
2025-08-25T16:37:39: Stripe not initialized - running in test mode (no STRIPE_SECRET_KEY)
2025-08-25T16:37:40: Stripe not initialized - running in test mode (no STRIPE_SECRET_KEY)
2025-08-25T16:37:41: Stripe not initialized - running in test mode (no STRIPE_SECRET_KEY)
2025-08-25T16:37:43: Stripe not initialized - running in test mode (no STRIPE_SECRET_KEY)
2025-08-25T16:37:44: Stripe not initialized - running in test mode (no STRIPE_SECRET_KEY)
2025-08-25T16:37:45: Stripe not initialized - running in test mode (no STRIPE_SECRET_KEY)
2025-08-25T16:37:47: Stripe not initialized - running in test mode (no STRIPE_SECRET_KEY)
2025-08-25T16:37:48: Stripe not initialized - running in test mode (no STRIPE_SECRET_KEY)
2025-08-25T16:37:50: Stripe not initialized - running in test mode (no STRIPE_SECRET_KEY)
2025-08-25T16:37:51: Stripe not initialized - running in test mode (no STRIPE_SECRET_KEY)
2025-08-25T16:37:52: Stripe not initialized - running in test mode (no STRIPE_SECRET_KEY)
2025-08-25T16:37:54: Stripe not initialized - running in test mode (no STRIPE_SECRET_KEY)
2025-08-25T16:37:55: Stripe not initialized - running in test mode (no STRIPE_SECRET_KEY)
2025-08-25T16:37:56: Stripe not initialized - running in test mode (no STRIPE_SECRET_KEY)
2025-08-25T16:37:58: Stripe not initialized - running in test mode (no STRIPE_SECRET_KEY)
2025-08-25T16:37:59: Stripe not initialized - running in test mode (no STRIPE_SECRET_KEY)
2025-08-25T16:38:01: Stripe not initialized - running in test mode (no STRIPE_SECRET_KEY)
2025-08-25T16:38:02: Stripe not initialized - running in test mode (no STRIPE_SECRET_KEY)
2025-08-25T16:38:03: Stripe not initialized - running in test mode (no STRIPE_SECRET_KEY)
2025-08-25T16:38:05: Stripe not initialized - running in test mode (no STRIPE_SECRET_KEY)
2025-08-25T16:38:06: Stripe not initialized - running in test mode (no STRIPE_SECRET_KEY)
2025-08-25T16:38:07: Stripe not initialized - running in test mode (no STRIPE_SECRET_KEY)
2025-08-25T16:38:09: Stripe not initialized - running in test mode (no STRIPE_SECRET_KEY)
2025-08-25T16:38:10: Stripe not initialized - running in test mode (no STRIPE_SECRET_KEY)
2025-08-25T16:38:12: Stripe not initialized - running in test mode (no STRIPE_SECRET_KEY)
2025-08-25T16:38:13: Stripe not initialized - running in test mode (no STRIPE_SECRET_KEY)
2025-08-25T16:38:14: Stripe not initialized - running in test mode (no STRIPE_SECRET_KEY)
2025-08-25T16:38:16: Stripe not initialized - running in test mode (no STRIPE_SECRET_KEY)
2025-08-25T16:38:17: Stripe not initialized - running in test mode (no STRIPE_SECRET_KEY)
2025-08-25T16:38:19: Stripe not initialized - running in test mode (no STRIPE_SECRET_KEY)
2025-08-25T16:38:20: Stripe not initialized - running in test mode (no STRIPE_SECRET_KEY)
2025-08-25T16:38:21: Stripe not initialized - running in test mode (no STRIPE_SECRET_KEY)
2025-08-25T16:38:23: Stripe not initialized - running in test mode (no STRIPE_SECRET_KEY)
2025-08-25T16:38:24: Stripe not initialized - running in test mode (no STRIPE_SECRET_KEY)
2025-08-25T16:38:26: Stripe not initialized - running in test mode (no STRIPE_SECRET_KEY)
2025-08-25T16:38:27: Stripe not initialized - running in test mode (no STRIPE_SECRET_KEY)
2025-08-25T16:38:28: Stripe not initialized - running in test mode (no STRIPE_SECRET_KEY)
2025-08-25T16:38:30: Stripe not initialized - running in test mode (no STRIPE_SECRET_KEY)
2025-08-25T16:38:31: Stripe not initialized - running in test mode (no STRIPE_SECRET_KEY)
2025-08-25T16:38:32: Stripe not initialized - running in test mode (no STRIPE_SECRET_KEY)
2025-08-25T16:38:34: Stripe not initialized - running in test mode (no STRIPE_SECRET_KEY)
2025-08-25T16:38:35: Stripe not initialized - running in test mode (no STRIPE_SECRET_KEY)
2025-08-25T16:38:37: Stripe not initialized - running in test mode (no STRIPE_SECRET_KEY)
2025-08-25T16:38:38: Stripe not initialized - running in test mode (no STRIPE_SECRET_KEY)
2025-08-25T16:38:39: Stripe not initialized - running in test mode (no STRIPE_SECRET_KEY)
2025-08-25T16:38:41: Stripe not initialized - running in test mode (no STRIPE_SECRET_KEY)
2025-08-25T16:38:42: Stripe not initialized - running in test mode (no STRIPE_SECRET_KEY)
2025-08-25T16:38:43: Stripe not initialized - running in test mode (no STRIPE_SECRET_KEY)
2025-08-25T16:38:45: Stripe not initialized - running in test mode (no STRIPE_SECRET_KEY)
2025-08-25T16:38:46: Stripe not initialized - running in test mode (no STRIPE_SECRET_KEY)
2025-08-25T16:38:48: Stripe not initialized - running in test mode (no STRIPE_SECRET_KEY)
2025-08-25T16:38:49: Stripe not initialized - running in test mode (no STRIPE_SECRET_KEY)
2025-08-25T16:38:50: Stripe not initialized - running in test mode (no STRIPE_SECRET_KEY)
2025-08-25T16:38:52: Stripe not initialized - running in test mode (no STRIPE_SECRET_KEY)
2025-08-25T16:38:53: Stripe not initialized - running in test mode (no STRIPE_SECRET_KEY)
2025-08-25T16:38:55: Stripe not initialized - running in test mode (no STRIPE_SECRET_KEY)
2025-08-25T16:38:56: Stripe not initialized - running in test mode (no STRIPE_SECRET_KEY)
2025-08-25T16:38:57: Stripe not initialized - running in test mode (no STRIPE_SECRET_KEY)
2025-08-25T16:38:59: Stripe not initialized - running in test mode (no STRIPE_SECRET_KEY)
2025-08-25T16:39:00: Stripe not initialized - running in test mode (no STRIPE_SECRET_KEY)
2025-08-25T16:39:01: Stripe not initialized - running in test mode (no STRIPE_SECRET_KEY)
2025-08-25T16:39:03: Stripe not initialized - running in test mode (no STRIPE_SECRET_KEY)
2025-08-25T16:39:04: Stripe not initialized - running in test mode (no STRIPE_SECRET_KEY)
2025-08-25T16:39:06: Stripe not initialized - running in test mode (no STRIPE_SECRET_KEY)
2025-08-25T16:39:07: Stripe not initialized - running in test mode (no STRIPE_SECRET_KEY)
2025-08-25T16:39:08: Stripe not initialized - running in test mode (no STRIPE_SECRET_KEY)
2025-08-25T16:39:10: Stripe not initialized - running in test mode (no STRIPE_SECRET_KEY)
2025-08-25T16:39:11: Stripe not initialized - running in test mode (no STRIPE_SECRET_KEY)
2025-08-25T16:39:13: Stripe not initialized - running in test mode (no STRIPE_SECRET_KEY)
2025-08-25T16:39:14: Stripe not initialized - running in test mode (no STRIPE_SECRET_KEY)
2025-08-25T16:39:15: Stripe not initialized - running in test mode (no STRIPE_SECRET_KEY)
2025-08-25T16:39:17: Stripe not initialized - running in test mode (no STRIPE_SECRET_KEY)
2025-08-25T16:39:18: Stripe not initialized - running in test mode (no STRIPE_SECRET_KEY)
2025-08-25T16:39:20: Stripe not initialized - running in test mode (no STRIPE_SECRET_KEY)
2025-08-25T16:39:21: Stripe not initialized - running in test mode (no STRIPE_SECRET_KEY)
2025-08-25T16:39:22: Stripe not initialized - running in test mode (no STRIPE_SECRET_KEY)
2025-08-25T16:39:24: Stripe not initialized - running in test mode (no STRIPE_SECRET_KEY)
2025-08-25T16:39:25: Stripe not initialized - running in test mode (no STRIPE_SECRET_KEY)
2025-08-25T16:39:26: Stripe not initialized - running in test mode (no STRIPE_SECRET_KEY)
2025-08-25T16:39:28: Stripe not initialized - running in test mode (no STRIPE_SECRET_KEY)
2025-08-25T16:39:29: Stripe not initialized - running in test mode (no STRIPE_SECRET_KEY)
2025-08-25T16:39:31: Stripe not initialized - running in test mode (no STRIPE_SECRET_KEY)
2025-08-25T16:39:32: Stripe not initialized - running in test mode (no STRIPE_SECRET_KEY)
2025-08-25T16:39:33: Stripe not initialized - running in test mode (no STRIPE_SECRET_KEY)
2025-08-25T16:39:35: Stripe not initialized - running in test mode (no STRIPE_SECRET_KEY)
2025-08-25T16:39:36: Stripe not initialized - running in test mode (no STRIPE_SECRET_KEY)
2025-08-25T16:39:37: Stripe not initialized - running in test mode (no STRIPE_SECRET_KEY)
2025-08-25T16:39:39: Stripe not initialized - running in test mode (no STRIPE_SECRET_KEY)
2025-08-25T16:39:40: Stripe not initialized - running in test mode (no STRIPE_SECRET_KEY)
2025-08-25T16:39:42: Stripe not initialized - running in test mode (no STRIPE_SECRET_KEY)
2025-08-25T16:39:43: Stripe not initialized - running in test mode (no STRIPE_SECRET_KEY)
2025-08-25T16:39:44: Stripe not initialized - running in test mode (no STRIPE_SECRET_KEY)
2025-08-25T16:39:46: Stripe not initialized - running in test mode (no STRIPE_SECRET_KEY)
2025-08-25T16:39:47: Stripe not initialized - running in test mode (no STRIPE_SECRET_KEY)
2025-08-25T16:39:48: Stripe not initialized - running in test mode (no STRIPE_SECRET_KEY)
2025-08-25T16:39:50: Stripe not initialized - running in test mode (no STRIPE_SECRET_KEY)
2025-08-25T16:39:51: Stripe not initialized - running in test mode (no STRIPE_SECRET_KEY)
2025-08-25T16:39:53: Stripe not initialized - running in test mode (no STRIPE_SECRET_KEY)
2025-08-25T16:39:54: Stripe not initialized - running in test mode (no STRIPE_SECRET_KEY)
2025-08-25T16:39:55: Stripe not initialized - running in test mode (no STRIPE_SECRET_KEY)
2025-08-25T16:39:57: Stripe not initialized - running in test mode (no STRIPE_SECRET_KEY)
2025-08-25T16:39:58: Stripe not initialized - running in test mode (no STRIPE_SECRET_KEY)
2025-08-25T16:40:00: Stripe not initialized - running in test mode (no STRIPE_SECRET_KEY)
2025-08-25T16:40:01: Stripe not initialized - running in test mode (no STRIPE_SECRET_KEY)
2025-08-25T16:40:02: Stripe not initialized - running in test mode (no STRIPE_SECRET_KEY)
2025-08-25T16:40:04: Stripe not initialized - running in test mode (no STRIPE_SECRET_KEY)
2025-08-25T16:40:05: Stripe not initialized - running in test mode (no STRIPE_SECRET_KEY)
2025-08-25T16:40:07: Stripe not initialized - running in test mode (no STRIPE_SECRET_KEY)
2025-08-25T16:40:08: Stripe not initialized - running in test mode (no STRIPE_SECRET_KEY)
2025-08-25T16:40:10: Stripe not initialized - running in test mode (no STRIPE_SECRET_KEY)
2025-08-25T16:40:11: Stripe not initialized - running in test mode (no STRIPE_SECRET_KEY)
2025-08-25T16:40:13: Stripe not initialized - running in test mode (no STRIPE_SECRET_KEY)
2025-08-25T16:40:14: Stripe not initialized - running in test mode (no STRIPE_SECRET_KEY)
2025-08-25T16:41:47: Stripe not initialized - running in test mode (no STRIPE_SECRET_KEY)
2025-08-25T16:41:49: Stripe not initialized - running in test mode (no STRIPE_SECRET_KEY)
2025-08-25T16:41:50: Stripe not initialized - running in test mode (no STRIPE_SECRET_KEY)
2025-08-25T16:41:51: Stripe not initialized - running in test mode (no STRIPE_SECRET_KEY)
2025-08-25T16:41:53: Stripe not initialized - running in test mode (no STRIPE_SECRET_KEY)
2025-08-25T16:41:54: Stripe not initialized - running in test mode (no STRIPE_SECRET_KEY)
2025-08-25T16:41:56: Stripe not initialized - running in test mode (no STRIPE_SECRET_KEY)
2025-08-25T16:41:57: Stripe not initialized - running in test mode (no STRIPE_SECRET_KEY)
2025-08-25T16:41:59: Stripe not initialized - running in test mode (no STRIPE_SECRET_KEY)
2025-08-25T16:42:00: Stripe not initialized - running in test mode (no STRIPE_SECRET_KEY)
2025-08-25T16:42:02: Stripe not initialized - running in test mode (no STRIPE_SECRET_KEY)
2025-08-25T16:42:03: Stripe not initialized - running in test mode (no STRIPE_SECRET_KEY)
2025-08-25T16:42:04: Stripe not initialized - running in test mode (no STRIPE_SECRET_KEY)
2025-08-25T16:42:06: Stripe not initialized - running in test mode (no STRIPE_SECRET_KEY)
2025-08-25T16:42:07: Stripe not initialized - running in test mode (no STRIPE_SECRET_KEY)
2025-08-25T16:42:09: Stripe not initialized - running in test mode (no STRIPE_SECRET_KEY)
2025-08-25T16:42:10: Stripe not initialized - running in test mode (no STRIPE_SECRET_KEY)
2025-08-25T16:42:11: Stripe not initialized - running in test mode (no STRIPE_SECRET_KEY)
2025-08-25T16:42:13: Stripe not initialized - running in test mode (no STRIPE_SECRET_KEY)
2025-08-25T16:42:14: Stripe not initialized - running in test mode (no STRIPE_SECRET_KEY)
2025-08-25T16:42:15: Stripe not initialized - running in test mode (no STRIPE_SECRET_KEY)
2025-08-25T16:42:17: Stripe not initialized - running in test mode (no STRIPE_SECRET_KEY)
2025-08-25T16:42:18: Stripe not initialized - running in test mode (no STRIPE_SECRET_KEY)
2025-08-25T16:42:20: Stripe not initialized - running in test mode (no STRIPE_SECRET_KEY)
2025-08-25T16:42:21: Stripe not initialized - running in test mode (no STRIPE_SECRET_KEY)
2025-08-25T16:42:23: Stripe not initialized - running in test mode (no STRIPE_SECRET_KEY)
2025-08-25T16:42:24: Stripe not initialized - running in test mode (no STRIPE_SECRET_KEY)
2025-08-25T16:42:25: Stripe not initialized - running in test mode (no STRIPE_SECRET_KEY)
2025-08-25T16:42:27: Stripe not initialized - running in test mode (no STRIPE_SECRET_KEY)
2025-08-25T16:42:28: Stripe not initialized - running in test mode (no STRIPE_SECRET_KEY)
2025-08-25T16:42:30: Stripe not initialized - running in test mode (no STRIPE_SECRET_KEY)
2025-08-25T16:42:32: Stripe not initialized - running in test mode (no STRIPE_SECRET_KEY)
2025-08-25T16:42:33: Stripe not initialized - running in test mode (no STRIPE_SECRET_KEY)
2025-08-25T16:42:34: Stripe not initialized - running in test mode (no STRIPE_SECRET_KEY)
2025-08-25T16:42:36: Stripe not initialized - running in test mode (no STRIPE_SECRET_KEY)
2025-08-25T16:42:37: Stripe not initialized - running in test mode (no STRIPE_SECRET_KEY)
2025-08-25T16:42:39: Stripe not initialized - running in test mode (no STRIPE_SECRET_KEY)
2025-08-25T16:42:41: Stripe not initialized - running in test mode (no STRIPE_SECRET_KEY)
2025-08-25T16:42:42: Stripe not initialized - running in test mode (no STRIPE_SECRET_KEY)
2025-08-25T16:42:44: Stripe not initialized - running in test mode (no STRIPE_SECRET_KEY)
2025-08-25T16:42:45: Stripe not initialized - running in test mode (no STRIPE_SECRET_KEY)
2025-08-25T16:42:47: Stripe not initialized - running in test mode (no STRIPE_SECRET_KEY)
2025-08-25T16:42:48: Stripe not initialized - running in test mode (no STRIPE_SECRET_KEY)
2025-08-25T16:42:50: Stripe not initialized - running in test mode (no STRIPE_SECRET_KEY)
2025-08-25T16:42:51: Stripe not initialized - running in test mode (no STRIPE_SECRET_KEY)
2025-08-25T16:42:53: Stripe not initialized - running in test mode (no STRIPE_SECRET_KEY)
2025-08-25T16:43:46: Stripe not initialized - running in test mode (no STRIPE_SECRET_KEY)
2025-08-25T16:43:47: Stripe not initialized - running in test mode (no STRIPE_SECRET_KEY)
2025-08-25T16:43:49: Stripe not initialized - running in test mode (no STRIPE_SECRET_KEY)
2025-08-25T16:43:50: Stripe not initialized - running in test mode (no STRIPE_SECRET_KEY)
2025-08-25T16:43:52: Stripe not initialized - running in test mode (no STRIPE_SECRET_KEY)
2025-08-25T16:43:53: Stripe not initialized - running in test mode (no STRIPE_SECRET_KEY)
2025-08-25T16:43:55: Stripe not initialized - running in test mode (no STRIPE_SECRET_KEY)
2025-08-25T16:43:56: Stripe not initialized - running in test mode (no STRIPE_SECRET_KEY)
2025-08-25T16:43:57: Stripe not initialized - running in test mode (no STRIPE_SECRET_KEY)
2025-08-25T16:43:59: Stripe not initialized - running in test mode (no STRIPE_SECRET_KEY)
2025-08-25T16:44:00: Stripe not initialized - running in test mode (no STRIPE_SECRET_KEY)
2025-08-25T16:44:02: Stripe not initialized - running in test mode (no STRIPE_SECRET_KEY)
2025-08-25T16:44:03: Stripe not initialized - running in test mode (no STRIPE_SECRET_KEY)
2025-08-25T16:44:04: Stripe not initialized - running in test mode (no STRIPE_SECRET_KEY)
2025-08-25T16:44:06: Stripe not initialized - running in test mode (no STRIPE_SECRET_KEY)
2025-08-25T16:44:07: Stripe not initialized - running in test mode (no STRIPE_SECRET_KEY)
2025-08-25T16:44:09: Stripe not initialized - running in test mode (no STRIPE_SECRET_KEY)
2025-08-25T16:44:10: Stripe not initialized - running in test mode (no STRIPE_SECRET_KEY)
2025-08-25T16:44:11: Stripe not initialized - running in test mode (no STRIPE_SECRET_KEY)
2025-08-25T16:44:13: Stripe not initialized - running in test mode (no STRIPE_SECRET_KEY)
2025-08-25T16:44:14: Stripe not initialized - running in test mode (no STRIPE_SECRET_KEY)
2025-08-25T16:44:16: Stripe not initialized - running in test mode (no STRIPE_SECRET_KEY)
2025-08-25T16:44:17: Stripe not initialized - running in test mode (no STRIPE_SECRET_KEY)
2025-08-25T16:44:18: Stripe not initialized - running in test mode (no STRIPE_SECRET_KEY)
2025-08-25T16:44:20: Stripe not initialized - running in test mode (no STRIPE_SECRET_KEY)
2025-08-25T16:44:21: Stripe not initialized - running in test mode (no STRIPE_SECRET_KEY)
2025-08-25T16:44:23: Stripe not initialized - running in test mode (no STRIPE_SECRET_KEY)
2025-08-25T16:44:24: Stripe not initialized - running in test mode (no STRIPE_SECRET_KEY)
2025-08-25T16:44:26: Stripe not initialized - running in test mode (no STRIPE_SECRET_KEY)
2025-08-25T16:44:27: Stripe not initialized - running in test mode (no STRIPE_SECRET_KEY)
2025-08-25T16:44:29: Stripe not initialized - running in test mode (no STRIPE_SECRET_KEY)
2025-08-25T16:44:30: Stripe not initialized - running in test mode (no STRIPE_SECRET_KEY)
2025-08-25T16:44:32: Stripe not initialized - running in test mode (no STRIPE_SECRET_KEY)
2025-08-25T16:44:33: Stripe not initialized - running in test mode (no STRIPE_SECRET_KEY)
2025-08-25T16:44:35: Stripe not initialized - running in test mode (no STRIPE_SECRET_KEY)
2025-08-25T16:44:36: Stripe not initialized - running in test mode (no STRIPE_SECRET_KEY)
2025-08-25T16:44:38: Stripe not initialized - running in test mode (no STRIPE_SECRET_KEY)
2025-08-25T16:44:39: Stripe not initialized - running in test mode (no STRIPE_SECRET_KEY)
2025-08-25T16:44:41: Stripe not initialized - running in test mode (no STRIPE_SECRET_KEY)
2025-08-25T16:44:42: Stripe not initialized - running in test mode (no STRIPE_SECRET_KEY)
2025-08-25T16:44:44: Stripe not initialized - running in test mode (no STRIPE_SECRET_KEY)
2025-08-25T16:44:45: Stripe not initialized - running in test mode (no STRIPE_SECRET_KEY)
2025-08-25T16:44:47: Stripe not initialized - running in test mode (no STRIPE_SECRET_KEY)
2025-08-25T16:44:49: Stripe not initialized - running in test mode (no STRIPE_SECRET_KEY)
